<?xml version="1.0" encoding="UTF-8"?>
<testsuite xmlns:xsi="http://www.w3.org/2001/XMLSchema-instance" xsi:noNamespaceSchemaLocation="https://maven.apache.org/surefire/maven-surefire-plugin/xsd/surefire-test-report-3.0.xsd" version="3.0" name="com.iluwatar.aggregator.microservices.AggregatorTest" time="0.635" tests="1" errors="0" skipped="0" failures="0">
  <properties>
    <property name="sun.desktop" value="windows"/>
    <property name="awt.toolkit" value="sun.awt.windows.WToolkit"/>
    <property name="java.specification.version" value="11"/>
    <property name="sun.cpu.isalist" value="amd64"/>
    <property name="sun.jnu.encoding" value="Cp1251"/>
    <property name="java.class.path" value="C:\Users\Sixteen\IdeaProjects\java-design-patterns-master\aggregator-microservices\aggregator-service\target\test-classes;C:\Users\Sixteen\IdeaProjects\java-design-patterns-master\aggregator-microservices\aggregator-service\target\classes;C:\Users\Sixteen\.m2\repository\org\springframework\spring-webmvc\5.0.13.RELEASE\spring-webmvc-5.0.13.RELEASE.jar;C:\Users\Sixteen\.m2\repository\org\springframework\spring-aop\5.0.13.RELEASE\spring-aop-5.0.13.RELEASE.jar;C:\Users\Sixteen\.m2\repository\org\springframework\spring-beans\5.0.13.RELEASE\spring-beans-5.0.13.RELEASE.jar;C:\Users\Sixteen\.m2\repository\org\springframework\spring-context\5.0.13.RELEASE\spring-context-5.0.13.RELEASE.jar;C:\Users\Sixteen\.m2\repository\org\springframework\spring-core\5.0.13.RELEASE\spring-core-5.0.13.RELEASE.jar;C:\Users\Sixteen\.m2\repository\org\springframework\spring-jcl\5.0.13.RELEASE\spring-jcl-5.0.13.RELEASE.jar;C:\Users\Sixteen\.m2\repository\org\springframework\spring-expression\5.0.13.RELEASE\spring-expression-5.0.13.RELEASE.jar;C:\Users\Sixteen\.m2\repository\org\springframework\spring-web\5.0.13.RELEASE\spring-web-5.0.13.RELEASE.jar;C:\Users\Sixteen\.m2\repository\org\springframework\boot\spring-boot-starter-web\2.0.9.RELEASE\spring-boot-starter-web-2.0.9.RELEASE.jar;C:\Users\Sixteen\.m2\repository\org\springframework\boot\spring-boot-starter\2.0.9.RELEASE\spring-boot-starter-2.0.9.RELEASE.jar;C:\Users\Sixteen\.m2\repository\org\springframework\boot\spring-boot\2.0.9.RELEASE\spring-boot-2.0.9.RELEASE.jar;C:\Users\Sixteen\.m2\repository\org\springframework\boot\spring-boot-autoconfigure\2.0.9.RELEASE\spring-boot-autoconfigure-2.0.9.RELEASE.jar;C:\Users\Sixteen\.m2\repository\org\springframework\boot\spring-boot-starter-logging\2.0.9.RELEASE\spring-boot-starter-logging-2.0.9.RELEASE.jar;C:\Users\Sixteen\.m2\repository\org\apache\logging\log4j\log4j-to-slf4j\2.10.0\log4j-to-slf4j-2.10.0.jar;C:\Users\Sixteen\.m2\repository\org\apache\logging\log4j\log4j-api\2.10.0\log4j-api-2.10.0.jar;C:\Users\Sixteen\.m2\repository\org\slf4j\jul-to-slf4j\1.7.26\jul-to-slf4j-1.7.26.jar;C:\Users\Sixteen\.m2\repository\javax\annotation\javax.annotation-api\1.3.2\javax.annotation-api-1.3.2.jar;C:\Users\Sixteen\.m2\repository\org\yaml\snakeyaml\1.19\snakeyaml-1.19.jar;C:\Users\Sixteen\.m2\repository\org\springframework\boot\spring-boot-starter-json\2.0.9.RELEASE\spring-boot-starter-json-2.0.9.RELEASE.jar;C:\Users\Sixteen\.m2\repository\com\fasterxml\jackson\core\jackson-databind\2.9.8\jackson-databind-2.9.8.jar;C:\Users\Sixteen\.m2\repository\com\fasterxml\jackson\core\jackson-annotations\2.9.0\jackson-annotations-2.9.0.jar;C:\Users\Sixteen\.m2\repository\com\fasterxml\jackson\core\jackson-core\2.9.8\jackson-core-2.9.8.jar;C:\Users\Sixteen\.m2\repository\com\fasterxml\jackson\datatype\jackson-datatype-jdk8\2.9.8\jackson-datatype-jdk8-2.9.8.jar;C:\Users\Sixteen\.m2\repository\com\fasterxml\jackson\datatype\jackson-datatype-jsr310\2.9.8\jackson-datatype-jsr310-2.9.8.jar;C:\Users\Sixteen\.m2\repository\com\fasterxml\jackson\module\jackson-module-parameter-names\2.9.8\jackson-module-parameter-names-2.9.8.jar;C:\Users\Sixteen\.m2\repository\org\springframework\boot\spring-boot-starter-tomcat\2.0.9.RELEASE\spring-boot-starter-tomcat-2.0.9.RELEASE.jar;C:\Users\Sixteen\.m2\repository\org\apache\tomcat\embed\tomcat-embed-core\8.5.39\tomcat-embed-core-8.5.39.jar;C:\Users\Sixteen\.m2\repository\org\apache\tomcat\embed\tomcat-embed-el\8.5.39\tomcat-embed-el-8.5.39.jar;C:\Users\Sixteen\.m2\repository\org\apache\tomcat\embed\tomcat-embed-websocket\8.5.39\tomcat-embed-websocket-8.5.39.jar;C:\Users\Sixteen\.m2\repository\org\hibernate\validator\hibernate-validator\6.0.16.Final\hibernate-validator-6.0.16.Final.jar;C:\Users\Sixteen\.m2\repository\javax\validation\validation-api\2.0.1.Final\validation-api-2.0.1.Final.jar;C:\Users\Sixteen\.m2\repository\org\jboss\logging\jboss-logging\3.3.2.Final\jboss-logging-3.3.2.Final.jar;C:\Users\Sixteen\.m2\repository\com\fasterxml\classmate\1.3.4\classmate-1.3.4.jar;C:\Users\Sixteen\.m2\repository\org\junit\jupiter\junit-jupiter-engine\5.5.2\junit-jupiter-engine-5.5.2.jar;C:\Users\Sixteen\.m2\repository\org\apiguardian\apiguardian-api\1.1.0\apiguardian-api-1.1.0.jar;C:\Users\Sixteen\.m2\repository\org\junit\platform\junit-platform-engine\1.5.2\junit-platform-engine-1.5.2.jar;C:\Users\Sixteen\.m2\repository\org\opentest4j\opentest4j\1.2.0\opentest4j-1.2.0.jar;C:\Users\Sixteen\.m2\repository\org\junit\platform\junit-platform-commons\1.5.2\junit-platform-commons-1.5.2.jar;C:\Users\Sixteen\.m2\repository\org\junit\jupiter\junit-jupiter-api\5.5.2\junit-jupiter-api-5.5.2.jar;C:\Users\Sixteen\.m2\repository\org\mockito\mockito-core\3.5.6\mockito-core-3.5.6.jar;C:\Users\Sixteen\.m2\repository\net\bytebuddy\byte-buddy\1.9.7\byte-buddy-1.9.7.jar;C:\Users\Sixteen\.m2\repository\net\bytebuddy\byte-buddy-agent\1.9.7\byte-buddy-agent-1.9.7.jar;C:\Users\Sixteen\.m2\repository\org\objenesis\objenesis\3.1\objenesis-3.1.jar;C:\Users\Sixteen\.m2\repository\org\slf4j\slf4j-api\1.7.30\slf4j-api-1.7.30.jar;C:\Users\Sixteen\.m2\repository\ch\qos\logback\logback-classic\1.2.3\logback-classic-1.2.3.jar;C:\Users\Sixteen\.m2\repository\ch\qos\logback\logback-core\1.2.3\logback-core-1.2.3.jar;"/>
    <property name="java.vm.vendor" value="Oracle Corporation"/>
    <property name="sun.arch.data.model" value="64"/>
    <property name="user.variant" value=""/>
    <property name="java.vendor.url" value="http://java.oracle.com/"/>
    <property name="user.timezone" value="Europe/Moscow"/>
    <property name="java.vm.specification.version" value="11"/>
    <property name="os.name" value="Windows 10"/>
    <property name="sun.java.launcher" value="SUN_STANDARD"/>
    <property name="user.country" value="US"/>
    <property name="sun.boot.library.path" value="C:\Program Files\Java\jdk-11.0.2\bin"/>
    <property name="sun.java.command" value="C:\Users\Sixteen\AppData\Local\Temp\surefire4143521764179753958\surefirebooter9742346232073426465.jar C:\Users\Sixteen\AppData\Local\Temp\surefire4143521764179753958 2020-09-29T15-17-35_235-jvmRun1 surefire10409751146035277151tmp surefire_016563490028317842685tmp"/>
    <property name="jdk.debug" value="release"/>
    <property name="surefire.test.class.path" value="C:\Users\Sixteen\IdeaProjects\java-design-patterns-master\aggregator-microservices\aggregator-service\target\test-classes;C:\Users\Sixteen\IdeaProjects\java-design-patterns-master\aggregator-microservices\aggregator-service\target\classes;C:\Users\Sixteen\.m2\repository\org\springframework\spring-webmvc\5.0.13.RELEASE\spring-webmvc-5.0.13.RELEASE.jar;C:\Users\Sixteen\.m2\repository\org\springframework\spring-aop\5.0.13.RELEASE\spring-aop-5.0.13.RELEASE.jar;C:\Users\Sixteen\.m2\repository\org\springframework\spring-beans\5.0.13.RELEASE\spring-beans-5.0.13.RELEASE.jar;C:\Users\Sixteen\.m2\repository\org\springframework\spring-context\5.0.13.RELEASE\spring-context-5.0.13.RELEASE.jar;C:\Users\Sixteen\.m2\repository\org\springframework\spring-core\5.0.13.RELEASE\spring-core-5.0.13.RELEASE.jar;C:\Users\Sixteen\.m2\repository\org\springframework\spring-jcl\5.0.13.RELEASE\spring-jcl-5.0.13.RELEASE.jar;C:\Users\Sixteen\.m2\repository\org\springframework\spring-expression\5.0.13.RELEASE\spring-expression-5.0.13.RELEASE.jar;C:\Users\Sixteen\.m2\repository\org\springframework\spring-web\5.0.13.RELEASE\spring-web-5.0.13.RELEASE.jar;C:\Users\Sixteen\.m2\repository\org\springframework\boot\spring-boot-starter-web\2.0.9.RELEASE\spring-boot-starter-web-2.0.9.RELEASE.jar;C:\Users\Sixteen\.m2\repository\org\springframework\boot\spring-boot-starter\2.0.9.RELEASE\spring-boot-starter-2.0.9.RELEASE.jar;C:\Users\Sixteen\.m2\repository\org\springframework\boot\spring-boot\2.0.9.RELEASE\spring-boot-2.0.9.RELEASE.jar;C:\Users\Sixteen\.m2\repository\org\springframework\boot\spring-boot-autoconfigure\2.0.9.RELEASE\spring-boot-autoconfigure-2.0.9.RELEASE.jar;C:\Users\Sixteen\.m2\repository\org\springframework\boot\spring-boot-starter-logging\2.0.9.RELEASE\spring-boot-starter-logging-2.0.9.RELEASE.jar;C:\Users\Sixteen\.m2\repository\org\apache\logging\log4j\log4j-to-slf4j\2.10.0\log4j-to-slf4j-2.10.0.jar;C:\Users\Sixteen\.m2\repository\org\apache\logging\log4j\log4j-api\2.10.0\log4j-api-2.10.0.jar;C:\Users\Sixteen\.m2\repository\org\slf4j\jul-to-slf4j\1.7.26\jul-to-slf4j-1.7.26.jar;C:\Users\Sixteen\.m2\repository\javax\annotation\javax.annotation-api\1.3.2\javax.annotation-api-1.3.2.jar;C:\Users\Sixteen\.m2\repository\org\yaml\snakeyaml\1.19\snakeyaml-1.19.jar;C:\Users\Sixteen\.m2\repository\org\springframework\boot\spring-boot-starter-json\2.0.9.RELEASE\spring-boot-starter-json-2.0.9.RELEASE.jar;C:\Users\Sixteen\.m2\repository\com\fasterxml\jackson\core\jackson-databind\2.9.8\jackson-databind-2.9.8.jar;C:\Users\Sixteen\.m2\repository\com\fasterxml\jackson\core\jackson-annotations\2.9.0\jackson-annotations-2.9.0.jar;C:\Users\Sixteen\.m2\repository\com\fasterxml\jackson\core\jackson-core\2.9.8\jackson-core-2.9.8.jar;C:\Users\Sixteen\.m2\repository\com\fasterxml\jackson\datatype\jackson-datatype-jdk8\2.9.8\jackson-datatype-jdk8-2.9.8.jar;C:\Users\Sixteen\.m2\repository\com\fasterxml\jackson\datatype\jackson-datatype-jsr310\2.9.8\jackson-datatype-jsr310-2.9.8.jar;C:\Users\Sixteen\.m2\repository\com\fasterxml\jackson\module\jackson-module-parameter-names\2.9.8\jackson-module-parameter-names-2.9.8.jar;C:\Users\Sixteen\.m2\repository\org\springframework\boot\spring-boot-starter-tomcat\2.0.9.RELEASE\spring-boot-starter-tomcat-2.0.9.RELEASE.jar;C:\Users\Sixteen\.m2\repository\org\apache\tomcat\embed\tomcat-embed-core\8.5.39\tomcat-embed-core-8.5.39.jar;C:\Users\Sixteen\.m2\repository\org\apache\tomcat\embed\tomcat-embed-el\8.5.39\tomcat-embed-el-8.5.39.jar;C:\Users\Sixteen\.m2\repository\org\apache\tomcat\embed\tomcat-embed-websocket\8.5.39\tomcat-embed-websocket-8.5.39.jar;C:\Users\Sixteen\.m2\repository\org\hibernate\validator\hibernate-validator\6.0.16.Final\hibernate-validator-6.0.16.Final.jar;C:\Users\Sixteen\.m2\repository\javax\validation\validation-api\2.0.1.Final\validation-api-2.0.1.Final.jar;C:\Users\Sixteen\.m2\repository\org\jboss\logging\jboss-logging\3.3.2.Final\jboss-logging-3.3.2.Final.jar;C:\Users\Sixteen\.m2\repository\com\fasterxml\classmate\1.3.4\classmate-1.3.4.jar;C:\Users\Sixteen\.m2\repository\org\junit\jupiter\junit-jupiter-engine\5.5.2\junit-jupiter-engine-5.5.2.jar;C:\Users\Sixteen\.m2\repository\org\apiguardian\apiguardian-api\1.1.0\apiguardian-api-1.1.0.jar;C:\Users\Sixteen\.m2\repository\org\junit\platform\junit-platform-engine\1.5.2\junit-platform-engine-1.5.2.jar;C:\Users\Sixteen\.m2\repository\org\opentest4j\opentest4j\1.2.0\opentest4j-1.2.0.jar;C:\Users\Sixteen\.m2\repository\org\junit\platform\junit-platform-commons\1.5.2\junit-platform-commons-1.5.2.jar;C:\Users\Sixteen\.m2\repository\org\junit\jupiter\junit-jupiter-api\5.5.2\junit-jupiter-api-5.5.2.jar;C:\Users\Sixteen\.m2\repository\org\mockito\mockito-core\3.5.6\mockito-core-3.5.6.jar;C:\Users\Sixteen\.m2\repository\net\bytebuddy\byte-buddy\1.9.7\byte-buddy-1.9.7.jar;C:\Users\Sixteen\.m2\repository\net\bytebuddy\byte-buddy-agent\1.9.7\byte-buddy-agent-1.9.7.jar;C:\Users\Sixteen\.m2\repository\org\objenesis\objenesis\3.1\objenesis-3.1.jar;C:\Users\Sixteen\.m2\repository\org\slf4j\slf4j-api\1.7.30\slf4j-api-1.7.30.jar;C:\Users\Sixteen\.m2\repository\ch\qos\logback\logback-classic\1.2.3\logback-classic-1.2.3.jar;C:\Users\Sixteen\.m2\repository\ch\qos\logback\logback-core\1.2.3\logback-core-1.2.3.jar;"/>
    <property name="sun.cpu.endian" value="little"/>
    <property name="user.home" value="C:\Users\Sixteen"/>
    <property name="user.language" value="en"/>
    <property name="java.specification.vendor" value="Oracle Corporation"/>
    <property name="java.version.date" value="2018-10-16"/>
    <property name="java.home" value="C:\Program Files\Java\jdk-11.0.2"/>
    <property name="file.separator" value="\"/>
    <property name="basedir" value="C:\Users\Sixteen\IdeaProjects\java-design-patterns-master\aggregator-microservices\aggregator-service"/>
    <property name="java.vm.compressedOopsMode" value="Zero based"/>
    <property name="line.separator" value="&#10;"/>
    <property name="java.specification.name" value="Java Platform API Specification"/>
    <property name="java.vm.specification.vendor" value="Oracle Corporation"/>
    <property name="java.awt.graphicsenv" value="sun.awt.Win32GraphicsEnvironment"/>
    <property name="surefire.real.class.path" value="C:\Users\Sixteen\AppData\Local\Temp\surefire4143521764179753958\surefirebooter9742346232073426465.jar"/>
    <property name="user.script" value=""/>
    <property name="sun.management.compiler" value="HotSpot 64-Bit Tiered Compilers"/>
    <property name="java.runtime.version" value="11.0.2+7-LTS"/>
    <property name="user.name" value="Sixteen"/>
    <property name="path.separator" value=";"/>
    <property name="os.version" value="10.0"/>
    <property name="java.runtime.name" value="Java(TM) SE Runtime Environment"/>
    <property name="file.encoding" value="Cp1251"/>
    <property name="java.vm.name" value="Java HotSpot(TM) 64-Bit Server VM"/>
    <property name="java.vendor.version" value="18.9"/>
    <property name="localRepository" value="C:\Users\Sixteen\.m2\repository"/>
    <property name="java.vendor.url.bug" value="http://bugreport.java.com/bugreport/"/>
    <property name="java.io.tmpdir" value="C:\Users\Sixteen\AppData\Local\Temp\"/>
    <property name="idea.version" value="2020.2.2"/>
    <property name="java.version" value="11.0.2"/>
    <property name="user.dir" value="C:\Users\Sixteen\IdeaProjects\java-design-patterns-master\aggregator-microservices\aggregator-service"/>
    <property name="os.arch" value="amd64"/>
    <property name="java.vm.specification.name" value="Java Virtual Machine Specification"/>
    <property name="java.awt.printerjob" value="sun.awt.windows.WPrinterJob"/>
    <property name="sun.os.patch.level" value=""/>
    <property name="java.library.path" value="C:\Program Files\Java\jdk-11.0.2\bin;C:\WINDOWS\Sun\Java\bin;C:\WINDOWS\system32;C:\WINDOWS;C:\Program Files\Java\jdk-11.0.2\bin;C:\Python27\;C:\Python27\Scripts;C:\Program Files\ImageMagick-7.0.1-Q16;C:\Program Files (x86)\PC Connectivity Solution\;C:\Windows\system32;C:\Windows;C:\Windows\System32\Wbem;C:\Windows\System32\WindowsPowerShell\v1.0\;C:\Program Files (x86)\Common Files\Acronis\SnapAPI\;C:\WINDOWS\system32;C:\WINDOWS;C:\WINDOWS\System32\Wbem;C:\WINDOWS\System32\WindowsPowerShell\v1.0\;C:\WINDOWS\system32;C:\WINDOWS;C:\WINDOWS\System32\Wbem;C:\WINDOWS\System32\WindowsPowerShell\v1.0\;C:\WINDOWS\System32\OpenSSH\;C:\Program Files\Microsoft VS Code\bin;C:\Dlang\dmd2\windows\bin;C:\Program Files\mingw-w64\x86_64-8.1.0-posix-seh-rt_v6-rev0\mingw64\bin;C:\Program Files (x86)\dub;C:\Program Files\dotnet\;C:\Program Files\Git\cmd;C:\Program Files (x86)\GtkSharp\2.12\bin;C:\Program Files (x86)\gettext-iconv\bin;C:\Program Files (x86)\GnuWin32\bin;;C:\Program Files\NVIDIA Corporation\NVIDIA NvDLISR;C:\Program Files (x86)\NVIDIA Corporation\PhysX\Common;C:\Users\Sixteen\AppData\Local\Microsoft\WindowsApps;C:\Users\Sixteen\.dotnet\tools;."/>
    <property name="java.vendor" value="Oracle Corporation"/>
    <property name="java.vm.info" value="mixed mode"/>
    <property name="java.vm.version" value="11.0.2+7-LTS"/>
    <property name="sun.io.unicode.encoding" value="UnicodeLittle"/>
    <property name="java.class.version" value="55.0"/>
  </properties>
  <testcase name="weatherTest" classname="com.iluwatar.aggregator.microservices.AggregatorTest" time="0.615"/>
</testsuite>